<?xml version="1.0" encoding="UTF-8"?>
<testng-results skipped="0" failed="0" ignored="0" total="1" passed="1">
  <reporter-output>
  </reporter-output>
  <suite name="Default suite" duration-ms="50382" started-at="2020-02-01T08:16:41 IST" finished-at="2020-02-01T08:17:31 IST">
    <groups>
    </groups>
    <test name="Default test" duration-ms="50382" started-at="2020-02-01T08:16:41 IST" finished-at="2020-02-01T08:17:31 IST">
      <class name="testcases.LoginTestPage2">
        <test-method status="PASS" signature="init()[pri:0, instance:testcases.LoginTestPage2@32709393]" name="init" is-config="true" duration-ms="3126" started-at="2020-02-01T08:16:38 IST" finished-at="2020-02-01T08:16:41 IST">
          <reporter-output>
          </reporter-output>
        </test-method> <!-- init -->
        <test-method status="PASS" signature="setUp()[pri:0, instance:testcases.LoginTestPage2@32709393]" name="setUp" is-config="true" duration-ms="24043" started-at="2020-02-01T08:16:41 IST" finished-at="2020-02-01T08:17:05 IST">
          <reporter-output>
          </reporter-output>
        </test-method> <!-- setUp -->
        <test-method status="PASS" signature="verifyLoginTest()[pri:0, instance:testcases.LoginTestPage2@32709393]" name="verifyLoginTest" duration-ms="24961" started-at="2020-02-01T08:17:05 IST" finished-at="2020-02-01T08:17:30 IST">
          <reporter-output>
          </reporter-output>
        </test-method> <!-- verifyLoginTest -->
        <test-method status="PASS" signature="tearDown()[pri:0, instance:testcases.LoginTestPage2@32709393]" name="tearDown" is-config="true" duration-ms="1058" started-at="2020-02-01T08:17:30 IST" finished-at="2020-02-01T08:17:31 IST">
          <reporter-output>
          </reporter-output>
        </test-method> <!-- tearDown -->
      </class> <!-- testcases.LoginTestPage2 -->
    </test> <!-- Default test -->
  </suite> <!-- Default suite -->
</testng-results>
